TN:
SF:scripts\parse-release-data.js
FN:11,(anonymous_0)
FN:23,(anonymous_1)
FN:36,(anonymous_2)
FN:37,(anonymous_3)
FN:52,(anonymous_4)
FN:65,(anonymous_5)
FN:66,(anonymous_6)
FN:77,(anonymous_7)
FN:78,(anonymous_8)
FN:86,(anonymous_9)
FN:106,(anonymous_10)
FN:126,(anonymous_11)
FN:146,(anonymous_12)
FN:156,(anonymous_13)
FN:162,(anonymous_14)
FN:170,(anonymous_15)
FN:178,(anonymous_16)
FNF:17
FNH:17
FNDA:18,(anonymous_0)
FNDA:8,(anonymous_1)
FNDA:18,(anonymous_2)
FNDA:18,(anonymous_3)
FNDA:7,(anonymous_4)
FNDA:17,(anonymous_5)
FNDA:17,(anonymous_6)
FNDA:3,(anonymous_7)
FNDA:3,(anonymous_8)
FNDA:7,(anonymous_9)
FNDA:6,(anonymous_10)
FNDA:4,(anonymous_11)
FNDA:6,(anonymous_12)
FNDA:36,(anonymous_13)
FNDA:18,(anonymous_14)
FNDA:17,(anonymous_15)
FNDA:4,(anonymous_16)
DA:3,2
DA:4,2
DA:12,18
DA:13,18
DA:14,18
DA:15,18
DA:16,18
DA:24,8
DA:31,8
DA:32,15
DA:33,15
DA:34,6
DA:36,18
DA:37,18
DA:39,6
DA:40,6
DA:45,2
DA:53,7
DA:60,7
DA:61,13
DA:62,13
DA:63,5
DA:65,17
DA:66,17
DA:68,5
DA:69,5
DA:75,2
DA:76,2
DA:77,3
DA:78,3
DA:80,2
DA:87,7
DA:88,7
DA:90,7
DA:91,4
DA:92,3
DA:93,0
DA:94,3
DA:95,2
DA:96,1
DA:97,0
DA:99,1
DA:107,6
DA:113,6
DA:114,9
DA:115,9
DA:116,5
DA:120,1
DA:127,4
DA:133,4
DA:134,4
DA:135,4
DA:136,4
DA:140,0
DA:147,6
DA:156,36
DA:163,18
DA:164,18
DA:171,17
DA:172,17
DA:179,4
DA:180,4
DA:181,4
DA:182,4
DA:183,4
DA:184,4
DA:185,4
DA:188,4
DA:189,4
DA:190,4
DA:191,4
DA:192,4
DA:193,4
DA:196,4
DA:197,4
DA:198,4
DA:199,4
DA:200,4
DA:201,4
DA:202,4
DA:203,4
DA:204,4
DA:206,4
DA:216,0
DA:217,0
DA:223,2
DA:224,0
DA:225,0
DA:228,2
LF:89
LH:82
BRDA:12,0,0,18
BRDA:12,0,1,14
BRDA:13,1,0,18
BRDA:13,1,1,14
BRDA:14,2,0,18
BRDA:14,2,1,14
BRDA:15,3,0,18
BRDA:15,3,1,16
BRDA:16,4,0,18
BRDA:16,4,1,18
BRDA:33,5,0,6
BRDA:33,5,1,9
BRDA:39,6,0,6
BRDA:39,6,1,0
BRDA:62,7,0,5
BRDA:62,7,1,8
BRDA:68,8,0,5
BRDA:68,8,1,0
BRDA:90,9,0,4
BRDA:90,9,1,3
BRDA:90,10,0,7
BRDA:90,10,1,6
BRDA:92,11,0,0
BRDA:92,11,1,3
BRDA:92,12,0,3
BRDA:92,12,1,3
BRDA:94,13,0,2
BRDA:94,13,1,1
BRDA:94,14,0,3
BRDA:94,14,1,1
BRDA:94,14,2,1
BRDA:96,15,0,0
BRDA:96,15,1,1
BRDA:96,16,0,1
BRDA:96,16,1,1
BRDA:96,16,2,1
BRDA:115,17,0,5
BRDA:115,17,1,4
BRDA:135,18,0,4
BRDA:135,18,1,0
BRDA:193,19,0,0
BRDA:193,19,1,4
BRDA:200,20,0,4
BRDA:200,20,1,1
BRDA:201,21,0,4
BRDA:201,21,1,1
BRDA:202,22,0,0
BRDA:202,22,1,4
BRDA:203,23,0,3
BRDA:203,23,1,1
BRDA:204,24,0,4
BRDA:204,24,1,0
BRDA:223,25,0,0
BRDA:223,25,1,2
BRF:54
BRH:45
end_of_record
TN:
SF:scripts\process-release-content.js
FN:12,(anonymous_0)
FN:21,(anonymous_1)
FN:45,(anonymous_2)
FN:51,(anonymous_3)
FN:65,(anonymous_4)
FN:85,(anonymous_5)
FN:105,(anonymous_6)
FN:125,(anonymous_7)
FN:144,(anonymous_8)
FN:151,(anonymous_9)
FN:206,(anonymous_10)
FN:213,(anonymous_11)
FN:235,(anonymous_12)
FN:256,(anonymous_13)
FNF:14
FNH:11
FNDA:9,(anonymous_0)
FNDA:6,(anonymous_1)
FNDA:0,(anonymous_2)
FNDA:0,(anonymous_3)
FNDA:9,(anonymous_4)
FNDA:15,(anonymous_5)
FNDA:12,(anonymous_6)
FNDA:3,(anonymous_7)
FNDA:0,(anonymous_8)
FNDA:9,(anonymous_9)
FNDA:3,(anonymous_10)
FNDA:6,(anonymous_11)
FNDA:3,(anonymous_12)
FNDA:9,(anonymous_13)
DA:3,1
DA:4,1
DA:5,1
DA:13,9
DA:14,9
DA:15,9
DA:23,6
DA:30,6
DA:33,6
DA:36,6
DA:37,0
DA:38,0
DA:39,0
DA:40,0
DA:41,0
DA:42,0
DA:45,0
DA:46,0
DA:47,0
DA:51,0
DA:52,0
DA:53,0
DA:54,0
DA:55,0
DA:59,0
DA:66,9
DA:74,9
DA:75,9
DA:79,9
DA:86,15
DA:92,15
DA:93,39
DA:94,39
DA:95,3
DA:99,12
DA:106,12
DA:112,12
DA:113,30
DA:114,30
DA:115,3
DA:119,9
DA:126,3
DA:133,3
DA:134,3
DA:135,12
DA:136,0
DA:140,3
DA:141,3
DA:144,0
DA:145,0
DA:152,9
DA:153,6
DA:154,3
DA:155,3
DA:156,3
DA:159,3
DA:161,3
DA:162,0
DA:172,3
DA:173,0
DA:183,3
DA:200,3
DA:207,3
DA:208,3
DA:209,3
DA:210,3
DA:213,3
DA:214,6
DA:217,3
DA:218,3
DA:220,3
DA:236,3
DA:243,3
DA:244,3
DA:245,12
DA:246,0
DA:250,3
DA:257,9
DA:258,9
DA:259,9
DA:260,3
DA:261,3
DA:262,3
DA:265,3
DA:266,3
DA:267,3
DA:268,3
DA:269,3
DA:272,3
DA:273,3
DA:274,3
DA:275,3
DA:276,3
DA:278,3
DA:287,6
DA:288,6
DA:294,1
DA:295,0
DA:296,0
DA:299,1
LF:100
LH:77
BRDA:13,0,0,9
BRDA:13,0,1,1
BRDA:14,1,0,9
BRDA:14,1,1,0
BRDA:15,2,0,9
BRDA:15,2,1,0
BRDA:53,3,0,0
BRDA:53,3,1,0
BRDA:74,4,0,9
BRDA:74,4,1,0
BRDA:75,5,0,0
BRDA:75,5,1,9
BRDA:94,6,0,3
BRDA:94,6,1,36
BRDA:114,7,0,3
BRDA:114,7,1,27
BRDA:135,8,0,0
BRDA:135,8,1,12
BRDA:140,9,0,3
BRDA:140,9,1,0
BRDA:155,10,0,3
BRDA:155,10,1,3
BRDA:156,11,0,3
BRDA:156,11,1,3
BRDA:161,12,0,0
BRDA:161,12,1,3
BRDA:172,13,0,0
BRDA:172,13,1,3
BRDA:209,14,0,3
BRDA:209,14,1,3
BRDA:210,15,0,3
BRDA:210,15,1,3
BRDA:222,16,0,3
BRDA:222,16,1,3
BRDA:224,17,0,3
BRDA:224,17,1,3
BRDA:229,18,0,3
BRDA:229,18,1,3
BRDA:245,19,0,0
BRDA:245,19,1,12
BRDA:250,20,0,0
BRDA:250,20,1,3
BRDA:274,21,0,0
BRDA:274,21,1,3
BRDA:275,22,0,0
BRDA:275,22,1,3
BRDA:294,23,0,0
BRDA:294,23,1,1
BRF:48
BRH:33
end_of_record
TN:
SF:scripts\validate-release.js
FN:10,(anonymous_0)
FN:19,(anonymous_1)
FN:24,(anonymous_2)
FN:25,(anonymous_3)
FN:40,(anonymous_4)
FN:46,(anonymous_5)
FN:47,(anonymous_6)
FN:62,(anonymous_7)
FN:82,(anonymous_8)
FN:106,(anonymous_9)
FN:114,(anonymous_10)
FN:122,(anonymous_11)
FN:161,(anonymous_12)
FN:166,(anonymous_13)
FNF:14
FNH:14
FNDA:27,(anonymous_0)
FNDA:9,(anonymous_1)
FNDA:9,(anonymous_2)
FNDA:9,(anonymous_3)
FNDA:9,(anonymous_4)
FNDA:8,(anonymous_5)
FNDA:8,(anonymous_6)
FNDA:12,(anonymous_7)
FNDA:10,(anonymous_8)
FNDA:14,(anonymous_9)
FNDA:13,(anonymous_10)
FNDA:5,(anonymous_11)
FNDA:5,(anonymous_12)
FNDA:3,(anonymous_13)
DA:3,2
DA:11,27
DA:12,27
DA:13,27
DA:20,9
DA:21,4
DA:24,9
DA:25,9
DA:27,5
DA:28,1
DA:34,4
DA:41,9
DA:43,4
DA:46,8
DA:47,8
DA:49,5
DA:50,1
DA:56,4
DA:63,12
DA:65,12
DA:66,2
DA:69,10
DA:70,1
DA:76,9
DA:83,10
DA:85,10
DA:86,1
DA:90,9
DA:91,9
DA:93,9
DA:94,2
DA:100,7
DA:107,14
DA:108,14
DA:115,13
DA:116,13
DA:123,5
DA:130,5
DA:131,5
DA:132,5
DA:134,5
DA:135,20
DA:136,5
DA:137,5
DA:139,20
DA:140,3
DA:145,5
DA:147,5
DA:148,3
DA:151,5
DA:152,3
DA:156,5
DA:157,5
DA:159,5
DA:160,3
DA:161,5
DA:164,5
DA:165,3
DA:166,3
DA:169,5
DA:170,3
DA:173,5
DA:182,2
DA:183,0
DA:184,0
DA:187,2
LF:66
LH:64
BRDA:11,0,0,27
BRDA:11,0,1,22
BRDA:12,1,0,27
BRDA:12,1,1,22
BRDA:13,2,0,27
BRDA:13,2,1,17
BRDA:20,3,0,4
BRDA:20,3,1,5
BRDA:27,4,0,1
BRDA:27,4,1,4
BRDA:41,5,0,4
BRDA:41,5,1,5
BRDA:49,6,0,1
BRDA:49,6,1,4
BRDA:65,7,0,2
BRDA:65,7,1,10
BRDA:69,8,0,1
BRDA:69,8,1,9
BRDA:83,9,0,10
BRDA:83,9,1,1
BRDA:85,10,0,1
BRDA:85,10,1,9
BRDA:93,11,0,2
BRDA:93,11,1,7
BRDA:93,12,0,9
BRDA:93,12,1,5
BRDA:135,13,0,5
BRDA:135,13,1,15
BRDA:139,14,0,3
BRDA:139,14,1,17
BRDA:145,15,0,2
BRDA:145,15,1,3
BRDA:147,16,0,3
BRDA:147,16,1,2
BRDA:151,17,0,3
BRDA:151,17,1,2
BRDA:157,18,0,2
BRDA:157,18,1,3
BRDA:159,19,0,3
BRDA:159,19,1,2
BRDA:164,20,0,3
BRDA:164,20,1,2
BRDA:169,21,0,3
BRDA:169,21,1,2
BRDA:182,22,0,0
BRDA:182,22,1,2
BRF:46
BRH:45
end_of_record
