TN:
SF:scripts\parse-release-data.js
FN:11,(anonymous_0)
FN:23,(anonymous_1)
FN:36,(anonymous_2)
FN:37,(anonymous_3)
FN:52,(anonymous_4)
FN:65,(anonymous_5)
FN:66,(anonymous_6)
FN:77,(anonymous_7)
FN:78,(anonymous_8)
FN:86,(anonymous_9)
FN:106,(anonymous_10)
FN:126,(anonymous_11)
FN:146,(anonymous_12)
FN:156,(anonymous_13)
FN:162,(anonymous_14)
FN:170,(anonymous_15)
FN:178,(anonymous_16)
FNF:17
FNH:17
FNDA:23,(anonymous_0)
FNDA:9,(anonymous_1)
FNDA:21,(anonymous_2)
FNDA:21,(anonymous_3)
FNDA:8,(anonymous_4)
FNDA:20,(anonymous_5)
FNDA:20,(anonymous_6)
FNDA:3,(anonymous_7)
FNDA:3,(anonymous_8)
FNDA:7,(anonymous_9)
FNDA:6,(anonymous_10)
FNDA:4,(anonymous_11)
FNDA:8,(anonymous_12)
FNDA:20,(anonymous_13)
FNDA:21,(anonymous_14)
FNDA:20,(anonymous_15)
FNDA:4,(anonymous_16)
DA:3,3
DA:4,3
DA:12,23
DA:13,23
DA:14,23
DA:15,23
DA:16,23
DA:24,9
DA:31,9
DA:32,16
DA:33,16
DA:34,7
DA:36,21
DA:37,21
DA:39,7
DA:40,7
DA:45,2
DA:53,8
DA:60,8
DA:61,14
DA:62,14
DA:63,6
DA:65,20
DA:66,20
DA:68,6
DA:69,6
DA:75,2
DA:76,2
DA:77,3
DA:78,3
DA:80,2
DA:87,7
DA:88,7
DA:90,7
DA:91,4
DA:92,3
DA:93,0
DA:94,3
DA:95,2
DA:96,1
DA:97,0
DA:99,1
DA:107,6
DA:113,6
DA:114,9
DA:115,9
DA:116,5
DA:120,1
DA:127,4
DA:133,4
DA:134,4
DA:135,4
DA:136,4
DA:140,0
DA:147,8
DA:156,20
DA:163,21
DA:164,21
DA:171,20
DA:172,20
DA:179,4
DA:180,4
DA:181,4
DA:182,4
DA:183,4
DA:184,4
DA:185,4
DA:188,4
DA:189,4
DA:190,4
DA:191,4
DA:192,4
DA:193,4
DA:196,4
DA:197,4
DA:198,4
DA:199,4
DA:200,4
DA:201,4
DA:202,4
DA:203,4
DA:204,4
DA:206,4
DA:216,0
DA:217,0
DA:223,3
DA:224,0
DA:225,0
DA:228,3
LF:89
LH:82
BRDA:12,0,0,23
BRDA:12,0,1,17
BRDA:13,1,0,23
BRDA:13,1,1,15
BRDA:14,2,0,23
BRDA:14,2,1,19
BRDA:15,3,0,23
BRDA:15,3,1,19
BRDA:16,4,0,23
BRDA:16,4,1,23
BRDA:33,5,0,7
BRDA:33,5,1,9
BRDA:39,6,0,7
BRDA:39,6,1,0
BRDA:62,7,0,6
BRDA:62,7,1,8
BRDA:68,8,0,6
BRDA:68,8,1,0
BRDA:90,9,0,4
BRDA:90,9,1,3
BRDA:90,10,0,7
BRDA:90,10,1,6
BRDA:92,11,0,0
BRDA:92,11,1,3
BRDA:92,12,0,3
BRDA:92,12,1,3
BRDA:94,13,0,2
BRDA:94,13,1,1
BRDA:94,14,0,3
BRDA:94,14,1,1
BRDA:94,14,2,1
BRDA:96,15,0,0
BRDA:96,15,1,1
BRDA:96,16,0,1
BRDA:96,16,1,1
BRDA:96,16,2,1
BRDA:115,17,0,5
BRDA:115,17,1,4
BRDA:135,18,0,4
BRDA:135,18,1,0
BRDA:193,19,0,4
BRDA:193,19,1,0
BRDA:200,20,0,4
BRDA:200,20,1,1
BRDA:201,21,0,4
BRDA:201,21,1,1
BRDA:202,22,0,4
BRDA:202,22,1,0
BRDA:203,23,0,3
BRDA:203,23,1,1
BRDA:204,24,0,4
BRDA:204,24,1,0
BRDA:223,25,0,0
BRDA:223,25,1,3
BRF:54
BRH:45
end_of_record
TN:
SF:scripts\process-release-content.js
FN:12,(anonymous_0)
FN:21,(anonymous_1)
FN:45,(anonymous_2)
FN:51,(anonymous_3)
FN:65,(anonymous_4)
FN:85,(anonymous_5)
FN:105,(anonymous_6)
FN:125,(anonymous_7)
FN:144,(anonymous_8)
FN:151,(anonymous_9)
FN:213,(anonymous_10)
FN:221,(anonymous_11)
FN:244,(anonymous_12)
FN:265,(anonymous_13)
FNF:14
FNH:12
FNDA:27,(anonymous_0)
FNDA:114,(anonymous_1)
FNDA:0,(anonymous_2)
FNDA:0,(anonymous_3)
FNDA:23,(anonymous_4)
FNDA:70,(anonymous_5)
FNDA:70,(anonymous_6)
FNDA:23,(anonymous_7)
FNDA:38,(anonymous_8)
FNDA:23,(anonymous_9)
FNDA:23,(anonymous_10)
FNDA:46,(anonymous_11)
FNDA:23,(anonymous_12)
FNDA:23,(anonymous_13)
DA:3,2
DA:4,2
DA:5,2
DA:13,27
DA:14,27
DA:15,27
DA:23,114
DA:30,114
DA:33,114
DA:36,114
DA:37,114
DA:38,114
DA:39,114
DA:40,114
DA:41,114
DA:42,114
DA:45,114
DA:46,0
DA:47,0
DA:51,114
DA:52,0
DA:53,0
DA:54,0
DA:55,0
DA:59,114
DA:66,23
DA:74,23
DA:75,23
DA:79,23
DA:86,70
DA:92,70
DA:93,106
DA:94,106
DA:95,52
DA:99,18
DA:106,70
DA:112,70
DA:113,88
DA:114,88
DA:115,61
DA:119,9
DA:126,23
DA:133,23
DA:134,23
DA:135,92
DA:136,38
DA:140,23
DA:141,12
DA:144,38
DA:145,11
DA:152,23
DA:153,23
DA:154,23
DA:155,23
DA:156,23
DA:159,23
DA:168,23
DA:169,17
DA:179,23
DA:180,20
DA:190,23
DA:207,23
DA:214,23
DA:215,23
DA:216,23
DA:217,23
DA:218,23
DA:221,23
DA:222,46
DA:225,23
DA:226,23
DA:228,23
DA:245,23
DA:252,23
DA:253,23
DA:254,92
DA:255,38
DA:259,23
DA:266,23
DA:267,23
DA:268,23
DA:269,23
DA:270,23
DA:271,23
DA:274,23
DA:275,23
DA:276,23
DA:277,23
DA:278,23
DA:281,23
DA:282,23
DA:283,23
DA:284,23
DA:285,23
DA:287,23
DA:296,0
DA:297,0
DA:303,2
DA:304,0
DA:305,0
DA:308,2
LF:101
LH:91
BRDA:13,0,0,27
BRDA:13,0,1,3
BRDA:14,1,0,27
BRDA:14,1,1,2
BRDA:15,2,0,27
BRDA:15,2,1,1
BRDA:53,3,0,0
BRDA:53,3,1,0
BRDA:74,4,0,23
BRDA:74,4,1,0
BRDA:75,5,0,0
BRDA:75,5,1,23
BRDA:94,6,0,52
BRDA:94,6,1,54
BRDA:114,7,0,61
BRDA:114,7,1,27
BRDA:135,8,0,38
BRDA:135,8,1,54
BRDA:140,9,0,12
BRDA:140,9,1,11
BRDA:155,10,0,23
BRDA:155,10,1,17
BRDA:156,11,0,23
BRDA:156,11,1,21
BRDA:168,12,0,17
BRDA:168,12,1,6
BRDA:179,13,0,20
BRDA:179,13,1,3
BRDA:216,14,0,23
BRDA:216,14,1,17
BRDA:217,15,0,23
BRDA:217,15,1,13
BRDA:230,16,0,23
BRDA:230,16,1,6
BRDA:232,17,0,23
BRDA:232,17,1,3
BRDA:237,18,0,23
BRDA:237,18,1,13
BRDA:254,19,0,38
BRDA:254,19,1,54
BRDA:259,20,0,11
BRDA:259,20,1,12
BRDA:283,21,0,17
BRDA:283,21,1,6
BRDA:284,22,0,20
BRDA:284,22,1,3
BRDA:303,23,0,0
BRDA:303,23,1,2
BRF:48
BRH:43
end_of_record
TN:
SF:scripts\validate-release.js
FN:10,(anonymous_0)
FN:19,(anonymous_1)
FN:24,(anonymous_2)
FN:25,(anonymous_3)
FN:40,(anonymous_4)
FN:46,(anonymous_5)
FN:47,(anonymous_6)
FN:62,(anonymous_7)
FN:82,(anonymous_8)
FN:106,(anonymous_9)
FN:114,(anonymous_10)
FN:122,(anonymous_11)
FN:161,(anonymous_12)
FN:166,(anonymous_13)
FNF:14
FNH:14
FNDA:37,(anonymous_0)
FNDA:18,(anonymous_1)
FNDA:19,(anonymous_2)
FNDA:19,(anonymous_3)
FNDA:18,(anonymous_4)
FNDA:10,(anonymous_5)
FNDA:10,(anonymous_6)
FNDA:21,(anonymous_7)
FNDA:19,(anonymous_8)
FNDA:24,(anonymous_9)
FNDA:15,(anonymous_10)
FNDA:14,(anonymous_11)
FNDA:10,(anonymous_12)
FNDA:11,(anonymous_13)
DA:3,3
DA:11,37
DA:12,37
DA:13,37
DA:20,18
DA:21,5
DA:24,19
DA:25,19
DA:27,13
DA:28,2
DA:34,11
DA:41,18
DA:43,12
DA:46,10
DA:47,10
DA:49,6
DA:50,1
DA:56,5
DA:63,21
DA:65,21
DA:66,2
DA:69,19
DA:70,1
DA:76,18
DA:83,19
DA:85,19
DA:86,4
DA:90,15
DA:91,15
DA:93,15
DA:94,2
DA:100,13
DA:107,24
DA:108,24
DA:115,15
DA:116,15
DA:123,14
DA:130,14
DA:131,14
DA:132,14
DA:134,14
DA:135,56
DA:136,10
DA:137,10
DA:139,56
DA:140,11
DA:145,14
DA:147,14
DA:148,6
DA:151,14
DA:152,11
DA:156,14
DA:157,14
DA:159,14
DA:160,6
DA:161,10
DA:164,14
DA:165,11
DA:166,11
DA:169,14
DA:170,6
DA:173,14
DA:182,3
DA:183,0
DA:184,0
DA:187,3
LF:66
LH:64
BRDA:11,0,0,37
BRDA:11,0,1,24
BRDA:12,1,0,37
BRDA:12,1,1,31
BRDA:13,2,0,37
BRDA:13,2,1,18
BRDA:20,3,0,5
BRDA:20,3,1,13
BRDA:27,4,0,2
BRDA:27,4,1,11
BRDA:41,5,0,12
BRDA:41,5,1,6
BRDA:49,6,0,1
BRDA:49,6,1,5
BRDA:65,7,0,2
BRDA:65,7,1,19
BRDA:69,8,0,1
BRDA:69,8,1,18
BRDA:83,9,0,19
BRDA:83,9,1,4
BRDA:85,10,0,4
BRDA:85,10,1,15
BRDA:93,11,0,2
BRDA:93,11,1,13
BRDA:93,12,0,15
BRDA:93,12,1,5
BRDA:135,13,0,10
BRDA:135,13,1,46
BRDA:139,14,0,11
BRDA:139,14,1,45
BRDA:145,15,0,8
BRDA:145,15,1,6
BRDA:147,16,0,6
BRDA:147,16,1,8
BRDA:151,17,0,11
BRDA:151,17,1,3
BRDA:157,18,0,8
BRDA:157,18,1,6
BRDA:159,19,0,6
BRDA:159,19,1,8
BRDA:164,20,0,11
BRDA:164,20,1,3
BRDA:169,21,0,6
BRDA:169,21,1,8
BRDA:182,22,0,0
BRDA:182,22,1,3
BRF:46
BRH:45
end_of_record
